Active-HDL 9.1.2353.4205  2017-01-08 15:48:42

Elaboration top modules:
Architecture                  TB_ARCHITECTURE(player_tb)


----------------------------------------------------------------------------------------------
Entity    | Architecture    | Library | Info | Compiler Version         | Compilation Options
----------------------------------------------------------------------------------------------
player_tb | TB_ARCHITECTURE | player  |      | 9.1.2353.4205  (Windows) | -O3
player    | workmode        | player  |      | 9.1.2353.4205  (Windows) | -O3
----------------------------------------------------------------------------------------------

----------------------------------------------------------------------------------------------
VHDL Package                | Library | Info | Compiler Version         | Compilation Options
----------------------------------------------------------------------------------------------
standard                    | std     |      |                          | <unavailable>
TEXTIO                      | std     |      | 9.1.2353.4205  (Windows) |  -2008
std_logic_1164              | ieee    |      | 9.1.2353.4205  (Windows) |  -2008
----------------------------------------------------------------------------------------------

----------------------------------------------------------------------------------------------
Library                     | Comment
----------------------------------------------------------------------------------------------
ieee                        | Standard IEEE packages library
player                      | None
std                         | Standard VHDL library
----------------------------------------------------------------------------------------------
